[2.159s] DEBUG:colcon:Command line arguments: ['/usr/bin/colcon', 'build', '--packages-select', 'gesture_control']
[2.159s] DEBUG:colcon:Parsed command line arguments: Namespace(allow_overriding=[], ament_cmake_args=None, base_paths=['.'], build_base='build', catkin_cmake_args=None, catkin_skip_building_tests=False, cmake_args=None, cmake_clean_cache=False, cmake_clean_first=False, cmake_force_configure=False, cmake_target=None, cmake_target_skip_unavailable=False, continue_on_error=False, event_handlers=None, executor='parallel', ignore_user_meta=False, install_base='install', log_base=None, log_level=None, main=<bound method BuildVerb.main of <colcon_core.verb.build.BuildVerb object at 0x7fa45a8ce4c0>>, merge_install=False, metas=['./colcon.meta'], packages_above=None, packages_above_and_dependencies=None, packages_above_depth=None, packages_end=None, packages_ignore=None, packages_ignore_regex=None, packages_select=['gesture_control'], packages_select_build_failed=False, packages_select_by_dep=None, packages_select_regex=None, packages_select_test_failures=False, packages_skip=None, packages_skip_build_finished=False, packages_skip_by_dep=None, packages_skip_regex=None, packages_skip_test_passed=False, packages_skip_up_to=None, packages_start=None, packages_up_to=None, packages_up_to_regex=None, parallel_workers=16, paths=None, symlink_install=False, test_result_base=None, verb_extension=<colcon_core.verb.build.BuildVerb object at 0x7fa45a8ce4c0>, verb_name='build', verb_parser=<colcon_defaults.argument_parser.defaults.DefaultArgumentsDecorator object at 0x7fa45a4f2160>)
[2.244s] Level 1:colcon.colcon_core.package_discovery:discover_packages(colcon_meta) check parameters
[2.245s] Level 1:colcon.colcon_core.package_discovery:discover_packages(recursive) check parameters
[2.245s] Level 1:colcon.colcon_core.package_discovery:discover_packages(ignore) check parameters
[2.245s] Level 1:colcon.colcon_core.package_discovery:discover_packages(path) check parameters
[2.245s] Level 1:colcon.colcon_core.package_discovery:discover_packages(colcon_meta) discover
[2.245s] Level 1:colcon.colcon_core.package_discovery:discover_packages(recursive) discover
[2.245s] INFO:colcon.colcon_core.package_discovery:Crawling recursively for packages in '/home/jakob/Coding/gesture_ws_ros2'
[2.245s] Level 1:colcon.colcon_core.package_identification:_identify(.) by extensions ['ignore', 'ignore_ament_install']
[2.245s] Level 1:colcon.colcon_core.package_identification:_identify(.) by extension 'ignore'
[2.245s] Level 1:colcon.colcon_core.package_identification:_identify(.) by extension 'ignore_ament_install'
[2.245s] Level 1:colcon.colcon_core.package_identification:_identify(.) by extensions ['colcon_pkg']
[2.245s] Level 1:colcon.colcon_core.package_identification:_identify(.) by extension 'colcon_pkg'
[2.245s] Level 1:colcon.colcon_core.package_identification:_identify(.) by extensions ['colcon_meta']
[2.245s] Level 1:colcon.colcon_core.package_identification:_identify(.) by extension 'colcon_meta'
[2.245s] Level 1:colcon.colcon_core.package_identification:_identify(.) by extensions ['ros']
[2.245s] Level 1:colcon.colcon_core.package_identification:_identify(.) by extension 'ros'
[2.261s] Level 1:colcon.colcon_core.package_identification:_identify(.) by extensions ['cmake', 'python']
[2.261s] Level 1:colcon.colcon_core.package_identification:_identify(.) by extension 'cmake'
[2.261s] Level 1:colcon.colcon_core.package_identification:_identify(.) by extension 'python'
[2.261s] Level 1:colcon.colcon_core.package_identification:_identify(.) by extensions ['python_setup_py']
[2.261s] Level 1:colcon.colcon_core.package_identification:_identify(.) by extension 'python_setup_py'
[2.261s] Level 1:colcon.colcon_core.package_identification:_identify(build) by extensions ['ignore', 'ignore_ament_install']
[2.261s] Level 1:colcon.colcon_core.package_identification:_identify(build) by extension 'ignore'
[2.261s] Level 1:colcon.colcon_core.package_identification:_identify(build) ignored
[2.261s] Level 1:colcon.colcon_core.package_identification:_identify(install) by extensions ['ignore', 'ignore_ament_install']
[2.261s] Level 1:colcon.colcon_core.package_identification:_identify(install) by extension 'ignore'
[2.261s] Level 1:colcon.colcon_core.package_identification:_identify(install) ignored
[2.261s] Level 1:colcon.colcon_core.package_identification:_identify(log) by extensions ['ignore', 'ignore_ament_install']
[2.261s] Level 1:colcon.colcon_core.package_identification:_identify(log) by extension 'ignore'
[2.261s] Level 1:colcon.colcon_core.package_identification:_identify(log) ignored
[2.262s] Level 1:colcon.colcon_core.package_identification:_identify(src) by extensions ['ignore', 'ignore_ament_install']
[2.262s] Level 1:colcon.colcon_core.package_identification:_identify(src) by extension 'ignore'
[2.262s] Level 1:colcon.colcon_core.package_identification:_identify(src) by extension 'ignore_ament_install'
[2.262s] Level 1:colcon.colcon_core.package_identification:_identify(src) by extensions ['colcon_pkg']
[2.262s] Level 1:colcon.colcon_core.package_identification:_identify(src) by extension 'colcon_pkg'
[2.262s] Level 1:colcon.colcon_core.package_identification:_identify(src) by extensions ['colcon_meta']
[2.262s] Level 1:colcon.colcon_core.package_identification:_identify(src) by extension 'colcon_meta'
[2.262s] Level 1:colcon.colcon_core.package_identification:_identify(src) by extensions ['ros']
[2.262s] Level 1:colcon.colcon_core.package_identification:_identify(src) by extension 'ros'
[2.262s] Level 1:colcon.colcon_core.package_identification:_identify(src) by extensions ['cmake', 'python']
[2.262s] Level 1:colcon.colcon_core.package_identification:_identify(src) by extension 'cmake'
[2.262s] Level 1:colcon.colcon_core.package_identification:_identify(src) by extension 'python'
[2.262s] Level 1:colcon.colcon_core.package_identification:_identify(src) by extensions ['python_setup_py']
[2.262s] Level 1:colcon.colcon_core.package_identification:_identify(src) by extension 'python_setup_py'
[2.262s] Level 1:colcon.colcon_core.package_identification:_identify(src/gesture_control) by extensions ['ignore', 'ignore_ament_install']
[2.262s] Level 1:colcon.colcon_core.package_identification:_identify(src/gesture_control) by extension 'ignore'
[2.262s] Level 1:colcon.colcon_core.package_identification:_identify(src/gesture_control) by extension 'ignore_ament_install'
[2.262s] Level 1:colcon.colcon_core.package_identification:_identify(src/gesture_control) by extensions ['colcon_pkg']
[2.262s] Level 1:colcon.colcon_core.package_identification:_identify(src/gesture_control) by extension 'colcon_pkg'
[2.262s] Level 1:colcon.colcon_core.package_identification:_identify(src/gesture_control) by extensions ['colcon_meta']
[2.262s] Level 1:colcon.colcon_core.package_identification:_identify(src/gesture_control) by extension 'colcon_meta'
[2.262s] Level 1:colcon.colcon_core.package_identification:_identify(src/gesture_control) by extensions ['ros']
[2.262s] Level 1:colcon.colcon_core.package_identification:_identify(src/gesture_control) by extension 'ros'
[2.264s] DEBUG:colcon.colcon_core.package_identification:Package 'src/gesture_control' with type 'ros.ament_python' and name 'gesture_control'
[2.264s] Level 1:colcon.colcon_core.package_discovery:discover_packages(recursive) using defaults
[2.264s] Level 1:colcon.colcon_core.package_discovery:discover_packages(ignore) discover
[2.264s] Level 1:colcon.colcon_core.package_discovery:discover_packages(ignore) using defaults
[2.264s] Level 1:colcon.colcon_core.package_discovery:discover_packages(path) discover
[2.264s] Level 1:colcon.colcon_core.package_discovery:discover_packages(path) using defaults
[2.471s] Level 1:colcon.colcon_core.package_discovery:discover_packages(prefix_path) check parameters
[2.471s] Level 1:colcon.colcon_core.package_discovery:discover_packages(prefix_path) discover
[2.552s] DEBUG:colcon.colcon_installed_package_information.package_discovery:Found 1 installed packages in /home/jakob/Coding/gesture_ws_ros2/install
[2.589s] DEBUG:colcon.colcon_installed_package_information.package_discovery:Found 263 installed packages in /opt/ros/foxy
[2.590s] Level 1:colcon.colcon_core.package_discovery:discover_packages(prefix_path) using defaults
[2.746s] Level 5:colcon.colcon_core.verb:set package 'gesture_control' build argument 'cmake_args' from command line to 'None'
[2.746s] Level 5:colcon.colcon_core.verb:set package 'gesture_control' build argument 'cmake_target' from command line to 'None'
[2.746s] Level 5:colcon.colcon_core.verb:set package 'gesture_control' build argument 'cmake_target_skip_unavailable' from command line to 'False'
[2.746s] Level 5:colcon.colcon_core.verb:set package 'gesture_control' build argument 'cmake_clean_cache' from command line to 'False'
[2.746s] Level 5:colcon.colcon_core.verb:set package 'gesture_control' build argument 'cmake_clean_first' from command line to 'False'
[2.746s] Level 5:colcon.colcon_core.verb:set package 'gesture_control' build argument 'cmake_force_configure' from command line to 'False'
[2.746s] Level 5:colcon.colcon_core.verb:set package 'gesture_control' build argument 'ament_cmake_args' from command line to 'None'
[2.746s] Level 5:colcon.colcon_core.verb:set package 'gesture_control' build argument 'catkin_cmake_args' from command line to 'None'
[2.746s] Level 5:colcon.colcon_core.verb:set package 'gesture_control' build argument 'catkin_skip_building_tests' from command line to 'False'
[2.746s] DEBUG:colcon.colcon_core.verb:Building package 'gesture_control' with the following arguments: {'ament_cmake_args': None, 'build_base': '/home/jakob/Coding/gesture_ws_ros2/build/gesture_control', 'catkin_cmake_args': None, 'catkin_skip_building_tests': False, 'cmake_args': None, 'cmake_clean_cache': False, 'cmake_clean_first': False, 'cmake_force_configure': False, 'cmake_target': None, 'cmake_target_skip_unavailable': False, 'install_base': '/home/jakob/Coding/gesture_ws_ros2/install/gesture_control', 'merge_install': False, 'path': '/home/jakob/Coding/gesture_ws_ros2/src/gesture_control', 'symlink_install': False, 'test_result_base': None}
[2.795s] INFO:colcon.colcon_core.executor:Executing jobs using 'parallel' executor
[2.832s] DEBUG:colcon.colcon_parallel_executor.executor.parallel:run_until_complete
[2.832s] INFO:colcon.colcon_ros.task.ament_python.build:Building ROS package in '/home/jakob/Coding/gesture_ws_ros2/src/gesture_control' with build type 'ament_python'
[2.832s] Level 1:colcon.colcon_core.shell:create_environment_hook('gesture_control', 'ament_prefix_path')
[2.870s] INFO:colcon.colcon_core.plugin_system:Skipping extension 'colcon_core.shell.bat': Not used on non-Windows systems
[2.871s] INFO:colcon.colcon_core.shell:Creating environment hook '/home/jakob/Coding/gesture_ws_ros2/install/gesture_control/share/gesture_control/hook/ament_prefix_path.ps1'
[2.871s] INFO:colcon.colcon_core.shell:Creating environment descriptor '/home/jakob/Coding/gesture_ws_ros2/install/gesture_control/share/gesture_control/hook/ament_prefix_path.dsv'
[2.871s] INFO:colcon.colcon_core.shell:Creating environment hook '/home/jakob/Coding/gesture_ws_ros2/install/gesture_control/share/gesture_control/hook/ament_prefix_path.sh'
[2.912s] INFO:colcon.colcon_core.shell:Skip shell extension 'powershell' for command environment: Not usable outside of PowerShell
[2.912s] DEBUG:colcon.colcon_core.shell:Skip shell extension 'dsv' for command environment
[3.244s] INFO:colcon.colcon_core.task.python.build:Building Python package in '/home/jakob/Coding/gesture_ws_ros2/src/gesture_control'
[3.287s] INFO:colcon.colcon_core.shell:Skip shell extension 'powershell' for command environment: Not usable outside of PowerShell
[3.287s] DEBUG:colcon.colcon_core.shell:Skip shell extension 'dsv' for command environment
[3.775s] DEBUG:colcon.colcon_core.event_handler.log_command:Invoking command in '/home/jakob/Coding/gesture_ws_ros2/src/gesture_control': PYTHONPATH=/home/jakob/Coding/gesture_ws_ros2/build/gesture_control/prefix_override:/home/jakob/Coding/gesture_ws_ros2/install/gesture_control/lib/python3.8/site-packages:${PYTHONPATH} /usr/bin/python3 setup.py egg_info --egg-base ../../build/gesture_control build --build-base /home/jakob/Coding/gesture_ws_ros2/build/gesture_control/build install --record /home/jakob/Coding/gesture_ws_ros2/build/gesture_control/install.log --install-scripts $base/lib/gesture_control --single-version-externally-managed
[4.032s] DEBUG:colcon.colcon_core.event_handler.log_command:Invoked command in '/home/jakob/Coding/gesture_ws_ros2/src/gesture_control' returned '0': PYTHONPATH=/home/jakob/Coding/gesture_ws_ros2/build/gesture_control/prefix_override:/home/jakob/Coding/gesture_ws_ros2/install/gesture_control/lib/python3.8/site-packages:${PYTHONPATH} /usr/bin/python3 setup.py egg_info --egg-base ../../build/gesture_control build --build-base /home/jakob/Coding/gesture_ws_ros2/build/gesture_control/build install --record /home/jakob/Coding/gesture_ws_ros2/build/gesture_control/install.log --install-scripts $base/lib/gesture_control --single-version-externally-managed
[4.070s] Level 1:colcon.colcon_core.environment:checking '/home/jakob/Coding/gesture_ws_ros2/install/gesture_control' for CMake module files
[4.071s] Level 1:colcon.colcon_core.environment:checking '/home/jakob/Coding/gesture_ws_ros2/install/gesture_control' for CMake config files
[4.071s] Level 1:colcon.colcon_core.environment:checking '/home/jakob/Coding/gesture_ws_ros2/install/gesture_control/lib'
[4.071s] Level 1:colcon.colcon_core.environment:checking '/home/jakob/Coding/gesture_ws_ros2/install/gesture_control/bin'
[4.071s] Level 1:colcon.colcon_core.environment:checking '/home/jakob/Coding/gesture_ws_ros2/install/gesture_control/lib/pkgconfig/gesture_control.pc'
[4.072s] Level 1:colcon.colcon_core.environment:checking '/home/jakob/Coding/gesture_ws_ros2/install/gesture_control/lib/python3.8/site-packages'
[4.072s] Level 1:colcon.colcon_core.shell:create_environment_hook('gesture_control', 'pythonpath')
[4.120s] INFO:colcon.colcon_core.shell:Creating environment hook '/home/jakob/Coding/gesture_ws_ros2/install/gesture_control/share/gesture_control/hook/pythonpath.ps1'
[4.120s] INFO:colcon.colcon_core.shell:Creating environment descriptor '/home/jakob/Coding/gesture_ws_ros2/install/gesture_control/share/gesture_control/hook/pythonpath.dsv'
[4.121s] INFO:colcon.colcon_core.shell:Creating environment hook '/home/jakob/Coding/gesture_ws_ros2/install/gesture_control/share/gesture_control/hook/pythonpath.sh'
[4.121s] Level 1:colcon.colcon_core.environment:checking '/home/jakob/Coding/gesture_ws_ros2/install/gesture_control/bin'
[4.121s] Level 1:colcon.colcon_core.environment:create_environment_scripts_only(gesture_control)
[4.158s] INFO:colcon.colcon_core.shell:Creating package script '/home/jakob/Coding/gesture_ws_ros2/install/gesture_control/share/gesture_control/package.ps1'
[4.158s] INFO:colcon.colcon_core.shell:Creating package descriptor '/home/jakob/Coding/gesture_ws_ros2/install/gesture_control/share/gesture_control/package.dsv'
[4.159s] INFO:colcon.colcon_core.shell:Creating package script '/home/jakob/Coding/gesture_ws_ros2/install/gesture_control/share/gesture_control/package.sh'
[4.159s] INFO:colcon.colcon_core.shell:Creating package script '/home/jakob/Coding/gesture_ws_ros2/install/gesture_control/share/gesture_control/package.bash'
[4.160s] INFO:colcon.colcon_core.shell:Creating package script '/home/jakob/Coding/gesture_ws_ros2/install/gesture_control/share/gesture_control/package.zsh'
[4.160s] Level 1:colcon.colcon_core.environment:create_file_with_runtime_dependencies(/home/jakob/Coding/gesture_ws_ros2/install/gesture_control/share/colcon-core/packages/gesture_control)
[4.161s] DEBUG:colcon.colcon_parallel_executor.executor.parallel:closing loop
[4.161s] DEBUG:colcon.colcon_parallel_executor.executor.parallel:loop closed
[4.161s] DEBUG:colcon.colcon_parallel_executor.executor.parallel:run_until_complete finished with '0'
[4.161s] DEBUG:colcon.colcon_core.event_reactor:joining thread
[4.211s] INFO:colcon.colcon_core.plugin_system:Skipping extension 'colcon_notification.desktop_notification.terminal_notifier': Not used on non-Darwin systems
[4.211s] INFO:colcon.colcon_core.plugin_system:Skipping extension 'colcon_notification.desktop_notification.win32': Not used on non-Windows systems
[4.211s] INFO:colcon.colcon_notification.desktop_notification:Sending desktop notification using 'notify2'
[4.232s] DEBUG:colcon.colcon_core.event_reactor:joined thread
[4.278s] INFO:colcon.colcon_core.shell:Creating prefix script '/home/jakob/Coding/gesture_ws_ros2/install/local_setup.ps1'
[4.279s] INFO:colcon.colcon_core.shell:Creating prefix util module '/home/jakob/Coding/gesture_ws_ros2/install/_local_setup_util_ps1.py'
[4.280s] INFO:colcon.colcon_core.shell:Creating prefix chain script '/home/jakob/Coding/gesture_ws_ros2/install/setup.ps1'
[4.316s] INFO:colcon.colcon_core.shell:Creating prefix script '/home/jakob/Coding/gesture_ws_ros2/install/local_setup.sh'
[4.316s] INFO:colcon.colcon_core.shell:Creating prefix util module '/home/jakob/Coding/gesture_ws_ros2/install/_local_setup_util_sh.py'
[4.317s] INFO:colcon.colcon_core.shell:Creating prefix chain script '/home/jakob/Coding/gesture_ws_ros2/install/setup.sh'
[4.353s] INFO:colcon.colcon_core.shell:Creating prefix script '/home/jakob/Coding/gesture_ws_ros2/install/local_setup.bash'
[4.353s] INFO:colcon.colcon_core.shell:Creating prefix chain script '/home/jakob/Coding/gesture_ws_ros2/install/setup.bash'
[4.390s] INFO:colcon.colcon_core.shell:Creating prefix script '/home/jakob/Coding/gesture_ws_ros2/install/local_setup.zsh'
[4.390s] INFO:colcon.colcon_core.shell:Creating prefix chain script '/home/jakob/Coding/gesture_ws_ros2/install/setup.zsh'
