[0.915s] Invoking command in '/home/jakob/Coding/gesture_ws_ros2/src/gesture_control': PYTHONPATH=/home/jakob/Coding/gesture_ws_ros2/build/gesture_control/prefix_override:/home/jakob/Coding/gesture_ws_ros2/install/gesture_control/lib/python3.8/site-packages:${PYTHONPATH} /usr/bin/python3 setup.py egg_info --egg-base ../../build/gesture_control build --build-base /home/jakob/Coding/gesture_ws_ros2/build/gesture_control/build install --record /home/jakob/Coding/gesture_ws_ros2/build/gesture_control/install.log --install-scripts $base/lib/gesture_control --single-version-externally-managed
[1.111s] running egg_info
[1.111s] writing ../../build/gesture_control/gesture_control.egg-info/PKG-INFO
[1.111s] writing dependency_links to ../../build/gesture_control/gesture_control.egg-info/dependency_links.txt
[1.111s] writing entry points to ../../build/gesture_control/gesture_control.egg-info/entry_points.txt
[1.111s] writing requirements to ../../build/gesture_control/gesture_control.egg-info/requires.txt
[1.111s] writing top-level names to ../../build/gesture_control/gesture_control.egg-info/top_level.txt
[1.140s] reading manifest file '../../build/gesture_control/gesture_control.egg-info/SOURCES.txt'
[1.140s] writing manifest file '../../build/gesture_control/gesture_control.egg-info/SOURCES.txt'
[1.140s] running build
[1.141s] running build_py
[1.141s] copying gesture_control/gesture_publisher.py -> /home/jakob/Coding/gesture_ws_ros2/build/gesture_control/build/lib/gesture_control
[1.141s] running install
[1.141s] running install_lib
[1.142s] copying /home/jakob/Coding/gesture_ws_ros2/build/gesture_control/build/lib/gesture_control/gesture_publisher.py -> /home/jakob/Coding/gesture_ws_ros2/install/gesture_control/lib/python3.8/site-packages/gesture_control
[1.143s] byte-compiling /home/jakob/Coding/gesture_ws_ros2/install/gesture_control/lib/python3.8/site-packages/gesture_control/gesture_publisher.py to gesture_publisher.cpython-38.pyc
[1.145s] running install_data
[1.145s] running install_egg_info
[1.146s] removing '/home/jakob/Coding/gesture_ws_ros2/install/gesture_control/lib/python3.8/site-packages/gesture_control-0.0.0-py3.8.egg-info' (and everything under it)
[1.146s] Copying ../../build/gesture_control/gesture_control.egg-info to /home/jakob/Coding/gesture_ws_ros2/install/gesture_control/lib/python3.8/site-packages/gesture_control-0.0.0-py3.8.egg-info
[1.146s] running install_scripts
[1.159s] Installing gesture_publisher script to /home/jakob/Coding/gesture_ws_ros2/install/gesture_control/lib/gesture_control
[1.159s] writing list of installed files to '/home/jakob/Coding/gesture_ws_ros2/build/gesture_control/install.log'
[1.180s] Invoked command in '/home/jakob/Coding/gesture_ws_ros2/src/gesture_control' returned '0': PYTHONPATH=/home/jakob/Coding/gesture_ws_ros2/build/gesture_control/prefix_override:/home/jakob/Coding/gesture_ws_ros2/install/gesture_control/lib/python3.8/site-packages:${PYTHONPATH} /usr/bin/python3 setup.py egg_info --egg-base ../../build/gesture_control build --build-base /home/jakob/Coding/gesture_ws_ros2/build/gesture_control/build install --record /home/jakob/Coding/gesture_ws_ros2/build/gesture_control/install.log --install-scripts $base/lib/gesture_control --single-version-externally-managed
