[0.971s] Invoking command in '/home/jakob/Coding/gesture_ws_ros2/src/gesture_control': PYTHONPATH=/home/jakob/Coding/gesture_ws_ros2/build/gesture_control/prefix_override:/home/jakob/Coding/gesture_ws_ros2/install/gesture_control/lib/python3.8/site-packages:${PYTHONPATH} /usr/bin/python3 setup.py egg_info --egg-base ../../build/gesture_control build --build-base /home/jakob/Coding/gesture_ws_ros2/build/gesture_control/build install --record /home/jakob/Coding/gesture_ws_ros2/build/gesture_control/install.log --install-scripts $base/lib/gesture_control --single-version-externally-managed
[1.172s] running egg_info
[1.172s] writing ../../build/gesture_control/gesture_control.egg-info/PKG-INFO
[1.172s] writing dependency_links to ../../build/gesture_control/gesture_control.egg-info/dependency_links.txt
[1.172s] writing entry points to ../../build/gesture_control/gesture_control.egg-info/entry_points.txt
[1.172s] writing requirements to ../../build/gesture_control/gesture_control.egg-info/requires.txt
[1.173s] writing top-level names to ../../build/gesture_control/gesture_control.egg-info/top_level.txt
[1.203s] reading manifest file '../../build/gesture_control/gesture_control.egg-info/SOURCES.txt'
[1.204s] writing manifest file '../../build/gesture_control/gesture_control.egg-info/SOURCES.txt'
[1.204s] running build
[1.204s] running build_py
[1.204s] running install
[1.204s] running install_lib
[1.206s] running install_data
[1.206s] running install_egg_info
[1.207s] removing '/home/jakob/Coding/gesture_ws_ros2/install/gesture_control/lib/python3.8/site-packages/gesture_control-0.0.0-py3.8.egg-info' (and everything under it)
[1.208s] Copying ../../build/gesture_control/gesture_control.egg-info to /home/jakob/Coding/gesture_ws_ros2/install/gesture_control/lib/python3.8/site-packages/gesture_control-0.0.0-py3.8.egg-info
[1.208s] running install_scripts
[1.223s] Installing gesture_publisher script to /home/jakob/Coding/gesture_ws_ros2/install/gesture_control/lib/gesture_control
[1.223s] writing list of installed files to '/home/jakob/Coding/gesture_ws_ros2/build/gesture_control/install.log'
[1.244s] Invoked command in '/home/jakob/Coding/gesture_ws_ros2/src/gesture_control' returned '0': PYTHONPATH=/home/jakob/Coding/gesture_ws_ros2/build/gesture_control/prefix_override:/home/jakob/Coding/gesture_ws_ros2/install/gesture_control/lib/python3.8/site-packages:${PYTHONPATH} /usr/bin/python3 setup.py egg_info --egg-base ../../build/gesture_control build --build-base /home/jakob/Coding/gesture_ws_ros2/build/gesture_control/build install --record /home/jakob/Coding/gesture_ws_ros2/build/gesture_control/install.log --install-scripts $base/lib/gesture_control --single-version-externally-managed
